<?xml version="1.0" encoding="UTF-8"?>
<!-- Generated by org.testng.reporters.JUnitXMLReporter -->
<testsuite hostname="DESKTOP-U6EFAKA" ignored="6" name="Default test" tests="1" failures="0" timestamp="2020-05-16T00:26:12 PKT" time="6.099" errors="0">
  <testcase name="GetAPIcall" time="6.039" classname="com.MailinatorTest.MailinatorTest.EmailTest"/>
  <testcase name="APITestData2" time="0.0" classname="com.MailinatorTest.MailinatorTest.EmailTest">
    <ignored/>
  </testcase> <!-- APITestData2 -->
  <testcase name="EmailTestCase" time="0.0" classname="com.MailinatorTest.MailinatorTest.EmailTest">
    <ignored/>
  </testcase> <!-- EmailTestCase -->
  <testcase name="amazonTestCase" time="0.0" classname="com.MailinatorTest.MailinatorTest.EmailTest">
    <ignored/>
  </testcase> <!-- amazonTestCase -->
  <testcase name="ExcelTestData2" time="0.0" classname="com.MailinatorTest.MailinatorTest.EmailTest">
    <ignored/>
  </testcase> <!-- ExcelTestData2 -->
  <testcase name="APITestData" time="0.0" classname="com.MailinatorTest.MailinatorTest.EmailTest">
    <ignored/>
  </testcase> <!-- APITestData -->
  <testcase name="ExcelTestData" time="0.0" classname="com.MailinatorTest.MailinatorTest.EmailTest">
    <ignored/>
  </testcase> <!-- ExcelTestData -->
</testsuite> <!-- Default test -->
