<?xml version="1.0" encoding="UTF-8"?>
<!-- Generated by org.testng.reporters.JUnitXMLReporter -->
<testsuite hostname="DESKTOP-U6EFAKA" ignored="4" name="EmailTestCase" tests="2" failures="0" timestamp="2020-05-09T14:50:17 PKT" time="0.929" errors="0">
  <testcase name="ExcelTestData" time="0.796" classname="com.MailinatorTest.MailinatorTest.EmailTest"/>
  <testcase name="ExcelTestData2" time="0.08" classname="com.MailinatorTest.MailinatorTest.EmailTest"/>
  <testcase name="APITestData2" time="0.0" classname="com.MailinatorTest.MailinatorTest.EmailTest">
    <ignored/>
  </testcase> <!-- APITestData2 -->
  <testcase name="EmailTestCase" time="0.0" classname="com.MailinatorTest.MailinatorTest.EmailTest">
    <ignored/>
  </testcase> <!-- EmailTestCase -->
  <testcase name="amazonTestCase" time="0.0" classname="com.MailinatorTest.MailinatorTest.EmailTest">
    <ignored/>
  </testcase> <!-- amazonTestCase -->
  <testcase name="APITestData" time="0.0" classname="com.MailinatorTest.MailinatorTest.EmailTest">
    <ignored/>
  </testcase> <!-- APITestData -->
</testsuite> <!-- EmailTestCase -->
