<?xml version="1.0" encoding="UTF-8"?>
<testng-results skipped="0" failed="0" ignored="6" total="7" passed="1">
  <reporter-output>
  </reporter-output>
  <suite name="Default suite" duration-ms="6099" started-at="2020-05-16T00:26:06 PKT" finished-at="2020-05-16T00:26:12 PKT">
    <groups>
    </groups>
    <test name="Default test" duration-ms="6099" started-at="2020-05-16T00:26:06 PKT" finished-at="2020-05-16T00:26:12 PKT">
      <class name="com.MailinatorTest.MailinatorTest.EmailTest">
        <test-method status="PASS" signature="GetAPIcall()[pri:0, instance:com.MailinatorTest.MailinatorTest.EmailTest@42f93a98]" name="GetAPIcall" duration-ms="6039" started-at="2020-05-16T00:26:06 PKT" finished-at="2020-05-16T00:26:12 PKT">
          <reporter-output>
          </reporter-output>
        </test-method> <!-- GetAPIcall -->
      </class> <!-- com.MailinatorTest.MailinatorTest.EmailTest -->
    </test> <!-- Default test -->
  </suite> <!-- Default suite -->
</testng-results>
